0 verbose cli [
0 verbose cli   'C:\\Program Files\\nodejs\\node.exe',
0 verbose cli   'C:\\Users\\D E L L - P C\\AppData\\Roaming\\npm\\node_modules\\npm\\bin\\npm-cli.js',
0 verbose cli   'start'
0 verbose cli ]
1 info using npm@8.1.4
2 info using node@v16.13.0
3 timing npm:load:whichnode Completed in 0ms
4 timing config:load:defaults Completed in 4ms
5 timing config:load:file:C:\Users\D E L L - P C\AppData\Roaming\npm\node_modules\npm\npmrc Completed in 3ms
6 timing config:load:builtin Completed in 3ms
7 timing config:load:cli Completed in 2ms
8 timing config:load:env Completed in 1ms
9 timing config:load:project Completed in 1ms
10 timing config:load:file:C:\Users\D E L L - P C\.npmrc Completed in 1ms
11 timing config:load:user Completed in 1ms
12 timing config:load:file:C:\Users\D E L L - P C\AppData\Roaming\npm\etc\npmrc Completed in 1ms
13 timing config:load:global Completed in 1ms
14 timing config:load:validate Completed in 1ms
15 timing config:load:credentials Completed in 1ms
16 timing config:load:setEnvs Completed in 1ms
17 timing config:load Completed in 16ms
18 timing npm:load:configload Completed in 16ms
19 timing npm:load:setTitle Completed in 1ms
20 timing npm:load:setupLog Completed in 0ms
21 timing config:load:flatten Completed in 4ms
22 timing npm:load:cleanupLog Completed in 3ms
23 timing npm:load:configScope Completed in 0ms
24 timing npm:load:projectScope Completed in 0ms
25 timing npm:load Completed in 25ms
26 timing command:run-script Completed in 11ms
27 timing command:start Completed in 22ms
28 verbose stack Error: ENOENT: no such file or directory, open 'C:\Users\D E L L - P C\package.json'
29 verbose cwd C:\Users\D E L L - P C\githubdeveloperPrthfolio\developer-portfolio-main
30 verbose Windows_NT 10.0.18363
31 verbose argv "C:\\Program Files\\nodejs\\node.exe" "C:\\Users\\D E L L - P C\\AppData\\Roaming\\npm\\node_modules\\npm\\bin\\npm-cli.js" "start"
32 verbose node v16.13.0
33 verbose npm  v8.1.4
34 error code ENOENT
35 error syscall open
36 error path C:\Users\D E L L - P C/package.json
37 error errno -4058
38 error enoent ENOENT: no such file or directory, open 'C:\Users\D E L L - P C\package.json'
39 error enoent This is related to npm not being able to find a file.
40 verbose exit -4058
